#bandwidthTest

Running on...

 Device 0: Tesla M2090
 Quick Mode

 Host to Device Bandwidth, 1 Device(s)
 PINNED Memory Transfers
   Transfer Size (Bytes)	Bandwidth(MB/s)
   33554432			4769.7

 Device to Host Bandwidth, 1 Device(s)
 PINNED Memory Transfers
   Transfer Size (Bytes)	Bandwidth(MB/s)
   33554432			4742.6

 Device to Device Bandwidth, 1 Device(s)
 PINNED Memory Transfers
   Transfer Size (Bytes)	Bandwidth(MB/s)
   33554432			123042.9

#deviceQuery
 CUDA Device Query (Runtime API) version (CUDART static linking)

Detected 8 CUDA Capable device(s)

Device 0: "Tesla M2090"
  CUDA Driver Version / Runtime Version          7.0 / 5.5
  CUDA Capability Major/Minor version number:    2.0
  Total amount of global memory:                 5375 MBytes (5636554752 bytes)
  (16) Multiprocessors, ( 32) CUDA Cores/MP:     512 CUDA Cores
  GPU Clock rate:                                1301 MHz (1.30 GHz)
  Memory Clock rate:                             1848 Mhz
  Memory Bus Width:                              384-bit
  L2 Cache Size:                                 786432 bytes
  Maximum Texture Dimension Size (x,y,z)         1D=(65536), 2D=(65536, 65535), 3D=(2048, 2048, 2048)
  Maximum Layered 1D Texture Size, (num) layers  1D=(16384), 2048 layers
  Maximum Layered 2D Texture Size, (num) layers  2D=(16384, 16384), 2048 layers
  Total amount of constant memory:               65536 bytes
  Total amount of shared memory per block:       49152 bytes
  Total number of registers available per block: 32768
  Warp size:                                     32
  Maximum number of threads per multiprocessor:  1536
  Maximum number of threads per block:           1024
  Max dimension size of a thread block (x,y,z): (1024, 1024, 64)
  Max dimension size of a grid size    (x,y,z): (65535, 65535, 65535)
  Maximum memory pitch:                          2147483647 bytes
  Texture alignment:                             512 bytes
  Concurrent copy and kernel execution:          Yes with 2 copy engine(s)
  Run time limit on kernels:                     No
  Integrated GPU sharing Host Memory:            No
  Support host page-locked memory mapping:       Yes
  Alignment requirement for Surfaces:            Yes
  Device has ECC support:                        Enabled
  Device supports Unified Addressing (UVA):      Yes
  Device PCI Bus ID / PCI location ID:           8 / 0
  Compute Mode:
     < Exclusive (only one host thread in one process is able to use ::cudaSetDevice() with this device) >

Device 1: "Tesla M2090"
  CUDA Driver Version / Runtime Version          7.0 / 5.5
  CUDA Capability Major/Minor version number:    2.0
  Total amount of global memory:                 5375 MBytes (5636554752 bytes)
  (16) Multiprocessors, ( 32) CUDA Cores/MP:     512 CUDA Cores
  GPU Clock rate:                                1301 MHz (1.30 GHz)
  Memory Clock rate:                             1848 Mhz
  Memory Bus Width:                              384-bit
  L2 Cache Size:                                 786432 bytes
  Maximum Texture Dimension Size (x,y,z)         1D=(65536), 2D=(65536, 65535), 3D=(2048, 2048, 2048)
  Maximum Layered 1D Texture Size, (num) layers  1D=(16384), 2048 layers
  Maximum Layered 2D Texture Size, (num) layers  2D=(16384, 16384), 2048 layers
  Total amount of constant memory:               65536 bytes
  Total amount of shared memory per block:       49152 bytes
  Total number of registers available per block: 32768
  Warp size:                                     32
  Maximum number of threads per multiprocessor:  1536
  Maximum number of threads per block:           1024
  Max dimension size of a thread block (x,y,z): (1024, 1024, 64)
  Max dimension size of a grid size    (x,y,z): (65535, 65535, 65535)
  Maximum memory pitch:                          2147483647 bytes
  Texture alignment:                             512 bytes
  Concurrent copy and kernel execution:          Yes with 2 copy engine(s)
  Run time limit on kernels:                     No
  Integrated GPU sharing Host Memory:            No
  Support host page-locked memory mapping:       Yes
  Alignment requirement for Surfaces:            Yes
  Device has ECC support:                        Enabled
  Device supports Unified Addressing (UVA):      Yes
  Device PCI Bus ID / PCI location ID:           9 / 0
  Compute Mode:
     < Exclusive (only one host thread in one process is able to use ::cudaSetDevice() with this device) >

Device 2: "Tesla M2090"
  CUDA Driver Version / Runtime Version          7.0 / 5.5
  CUDA Capability Major/Minor version number:    2.0
  Total amount of global memory:                 5375 MBytes (5636554752 bytes)
  (16) Multiprocessors, ( 32) CUDA Cores/MP:     512 CUDA Cores
  GPU Clock rate:                                1301 MHz (1.30 GHz)
  Memory Clock rate:                             1848 Mhz
  Memory Bus Width:                              384-bit
  L2 Cache Size:                                 786432 bytes
  Maximum Texture Dimension Size (x,y,z)         1D=(65536), 2D=(65536, 65535), 3D=(2048, 2048, 2048)
  Maximum Layered 1D Texture Size, (num) layers  1D=(16384), 2048 layers
  Maximum Layered 2D Texture Size, (num) layers  2D=(16384, 16384), 2048 layers
  Total amount of constant memory:               65536 bytes
  Total amount of shared memory per block:       49152 bytes
  Total number of registers available per block: 32768
  Warp size:                                     32
  Maximum number of threads per multiprocessor:  1536
  Maximum number of threads per block:           1024
  Max dimension size of a thread block (x,y,z): (1024, 1024, 64)
  Max dimension size of a grid size    (x,y,z): (65535, 65535, 65535)
  Maximum memory pitch:                          2147483647 bytes
  Texture alignment:                             512 bytes
  Concurrent copy and kernel execution:          Yes with 2 copy engine(s)
  Run time limit on kernels:                     No
  Integrated GPU sharing Host Memory:            No
  Support host page-locked memory mapping:       Yes
  Alignment requirement for Surfaces:            Yes
  Device has ECC support:                        Enabled
  Device supports Unified Addressing (UVA):      Yes
  Device PCI Bus ID / PCI location ID:           10 / 0
  Compute Mode:
     < Exclusive (only one host thread in one process is able to use ::cudaSetDevice() with this device) >

Device 3: "Tesla M2090"
  CUDA Driver Version / Runtime Version          7.0 / 5.5
  CUDA Capability Major/Minor version number:    2.0
  Total amount of global memory:                 5375 MBytes (5636554752 bytes)
  (16) Multiprocessors, ( 32) CUDA Cores/MP:     512 CUDA Cores
  GPU Clock rate:                                1301 MHz (1.30 GHz)
  Memory Clock rate:                             1848 Mhz
  Memory Bus Width:                              384-bit
  L2 Cache Size:                                 786432 bytes
  Maximum Texture Dimension Size (x,y,z)         1D=(65536), 2D=(65536, 65535), 3D=(2048, 2048, 2048)
  Maximum Layered 1D Texture Size, (num) layers  1D=(16384), 2048 layers
  Maximum Layered 2D Texture Size, (num) layers  2D=(16384, 16384), 2048 layers
  Total amount of constant memory:               65536 bytes
  Total amount of shared memory per block:       49152 bytes
  Total number of registers available per block: 32768
  Warp size:                                     32
  Maximum number of threads per multiprocessor:  1536
  Maximum number of threads per block:           1024
  Max dimension size of a thread block (x,y,z): (1024, 1024, 64)
  Max dimension size of a grid size    (x,y,z): (65535, 65535, 65535)
  Maximum memory pitch:                          2147483647 bytes
  Texture alignment:                             512 bytes
  Concurrent copy and kernel execution:          Yes with 2 copy engine(s)
  Run time limit on kernels:                     No
  Integrated GPU sharing Host Memory:            No
  Support host page-locked memory mapping:       Yes
  Alignment requirement for Surfaces:            Yes
  Device has ECC support:                        Enabled
  Device supports Unified Addressing (UVA):      Yes
  Device PCI Bus ID / PCI location ID:           25 / 0
  Compute Mode:
     < Default (multiple host threads can use ::cudaSetDevice() with device simultaneously) >

Device 4: "Tesla M2090"
  CUDA Driver Version / Runtime Version          7.0 / 5.5
  CUDA Capability Major/Minor version number:    2.0
  Total amount of global memory:                 5375 MBytes (5636554752 bytes)
  (16) Multiprocessors, ( 32) CUDA Cores/MP:     512 CUDA Cores
  GPU Clock rate:                                1301 MHz (1.30 GHz)
  Memory Clock rate:                             1848 Mhz
  Memory Bus Width:                              384-bit
  L2 Cache Size:                                 786432 bytes
  Maximum Texture Dimension Size (x,y,z)         1D=(65536), 2D=(65536, 65535), 3D=(2048, 2048, 2048)
  Maximum Layered 1D Texture Size, (num) layers  1D=(16384), 2048 layers
  Maximum Layered 2D Texture Size, (num) layers  2D=(16384, 16384), 2048 layers
  Total amount of constant memory:               65536 bytes
  Total amount of shared memory per block:       49152 bytes
  Total number of registers available per block: 32768
  Warp size:                                     32
  Maximum number of threads per multiprocessor:  1536
  Maximum number of threads per block:           1024
  Max dimension size of a thread block (x,y,z): (1024, 1024, 64)
  Max dimension size of a grid size    (x,y,z): (65535, 65535, 65535)
  Maximum memory pitch:                          2147483647 bytes
  Texture alignment:                             512 bytes
  Concurrent copy and kernel execution:          Yes with 2 copy engine(s)
  Run time limit on kernels:                     No
  Integrated GPU sharing Host Memory:            No
  Support host page-locked memory mapping:       Yes
  Alignment requirement for Surfaces:            Yes
  Device has ECC support:                        Enabled
  Device supports Unified Addressing (UVA):      Yes
  Device PCI Bus ID / PCI location ID:           26 / 0
  Compute Mode:
     < Default (multiple host threads can use ::cudaSetDevice() with device simultaneously) >

Device 5: "Tesla M2090"
  CUDA Driver Version / Runtime Version          7.0 / 5.5
  CUDA Capability Major/Minor version number:    2.0
  Total amount of global memory:                 5375 MBytes (5636554752 bytes)
  (16) Multiprocessors, ( 32) CUDA Cores/MP:     512 CUDA Cores
  GPU Clock rate:                                1301 MHz (1.30 GHz)
  Memory Clock rate:                             1848 Mhz
  Memory Bus Width:                              384-bit
  L2 Cache Size:                                 786432 bytes
  Maximum Texture Dimension Size (x,y,z)         1D=(65536), 2D=(65536, 65535), 3D=(2048, 2048, 2048)
  Maximum Layered 1D Texture Size, (num) layers  1D=(16384), 2048 layers
  Maximum Layered 2D Texture Size, (num) layers  2D=(16384, 16384), 2048 layers
  Total amount of constant memory:               65536 bytes
  Total amount of shared memory per block:       49152 bytes
  Total number of registers available per block: 32768
  Warp size:                                     32
  Maximum number of threads per multiprocessor:  1536
  Maximum number of threads per block:           1024
  Max dimension size of a thread block (x,y,z): (1024, 1024, 64)
  Max dimension size of a grid size    (x,y,z): (65535, 65535, 65535)
  Maximum memory pitch:                          2147483647 bytes
  Texture alignment:                             512 bytes
  Concurrent copy and kernel execution:          Yes with 2 copy engine(s)
  Run time limit on kernels:                     No
  Integrated GPU sharing Host Memory:            No
  Support host page-locked memory mapping:       Yes
  Alignment requirement for Surfaces:            Yes
  Device has ECC support:                        Enabled
  Device supports Unified Addressing (UVA):      Yes
  Device PCI Bus ID / PCI location ID:           27 / 0
  Compute Mode:
     < Default (multiple host threads can use ::cudaSetDevice() with device simultaneously) >

Device 6: "Tesla M2090"
  CUDA Driver Version / Runtime Version          7.0 / 5.5
  CUDA Capability Major/Minor version number:    2.0
  Total amount of global memory:                 5375 MBytes (5636554752 bytes)
  (16) Multiprocessors, ( 32) CUDA Cores/MP:     512 CUDA Cores
  GPU Clock rate:                                1301 MHz (1.30 GHz)
  Memory Clock rate:                             1848 Mhz
  Memory Bus Width:                              384-bit
  L2 Cache Size:                                 786432 bytes
  Maximum Texture Dimension Size (x,y,z)         1D=(65536), 2D=(65536, 65535), 3D=(2048, 2048, 2048)
  Maximum Layered 1D Texture Size, (num) layers  1D=(16384), 2048 layers
  Maximum Layered 2D Texture Size, (num) layers  2D=(16384, 16384), 2048 layers
  Total amount of constant memory:               65536 bytes
  Total amount of shared memory per block:       49152 bytes
  Total number of registers available per block: 32768
  Warp size:                                     32
  Maximum number of threads per multiprocessor:  1536
  Maximum number of threads per block:           1024
  Max dimension size of a thread block (x,y,z): (1024, 1024, 64)
  Max dimension size of a grid size    (x,y,z): (65535, 65535, 65535)
  Maximum memory pitch:                          2147483647 bytes
  Texture alignment:                             512 bytes
  Concurrent copy and kernel execution:          Yes with 2 copy engine(s)
  Run time limit on kernels:                     No
  Integrated GPU sharing Host Memory:            No
  Support host page-locked memory mapping:       Yes
  Alignment requirement for Surfaces:            Yes
  Device has ECC support:                        Enabled
  Device supports Unified Addressing (UVA):      Yes
  Device PCI Bus ID / PCI location ID:           21 / 0
  Compute Mode:
     < Exclusive (only one host thread in one process is able to use ::cudaSetDevice() with this device) >

Device 7: "Tesla M2090"
  CUDA Driver Version / Runtime Version          7.0 / 5.5
  CUDA Capability Major/Minor version number:    2.0
  Total amount of global memory:                 5375 MBytes (5636554752 bytes)
  (16) Multiprocessors, ( 32) CUDA Cores/MP:     512 CUDA Cores
  GPU Clock rate:                                1301 MHz (1.30 GHz)
  Memory Clock rate:                             1848 Mhz
  Memory Bus Width:                              384-bit
  L2 Cache Size:                                 786432 bytes
  Maximum Texture Dimension Size (x,y,z)         1D=(65536), 2D=(65536, 65535), 3D=(2048, 2048, 2048)
  Maximum Layered 1D Texture Size, (num) layers  1D=(16384), 2048 layers
  Maximum Layered 2D Texture Size, (num) layers  2D=(16384, 16384), 2048 layers
  Total amount of constant memory:               65536 bytes
  Total amount of shared memory per block:       49152 bytes
  Total number of registers available per block: 32768
  Warp size:                                     32
  Maximum number of threads per multiprocessor:  1536
  Maximum number of threads per block:           1024
  Max dimension size of a thread block (x,y,z): (1024, 1024, 64)
  Max dimension size of a grid size    (x,y,z): (65535, 65535, 65535)
  Maximum memory pitch:                          2147483647 bytes
  Texture alignment:                             512 bytes
  Concurrent copy and kernel execution:          Yes with 2 copy engine(s)
  Run time limit on kernels:                     No
  Integrated GPU sharing Host Memory:            No
  Support host page-locked memory mapping:       Yes
  Alignment requirement for Surfaces:            Yes
  Device has ECC support:                        Enabled
  Device supports Unified Addressing (UVA):      Yes
  Device PCI Bus ID / PCI location ID:           22 / 0
  Compute Mode:
     < Default (multiple host threads can use ::cudaSetDevice() with device simultaneously) >
> Peer access from Tesla M2090 (GPU0) -> Tesla M2090 (GPU1) : Yes
> Peer access from Tesla M2090 (GPU0) -> Tesla M2090 (GPU2) : Yes
> Peer access from Tesla M2090 (GPU0) -> Tesla M2090 (GPU3) : No
> Peer access from Tesla M2090 (GPU0) -> Tesla M2090 (GPU4) : No
> Peer access from Tesla M2090 (GPU0) -> Tesla M2090 (GPU5) : No
> Peer access from Tesla M2090 (GPU0) -> Tesla M2090 (GPU6) : No
> Peer access from Tesla M2090 (GPU0) -> Tesla M2090 (GPU7) : No
> Peer access from Tesla M2090 (GPU1) -> Tesla M2090 (GPU1) : No
> Peer access from Tesla M2090 (GPU1) -> Tesla M2090 (GPU2) : Yes
> Peer access from Tesla M2090 (GPU1) -> Tesla M2090 (GPU3) : No
> Peer access from Tesla M2090 (GPU1) -> Tesla M2090 (GPU4) : No
> Peer access from Tesla M2090 (GPU1) -> Tesla M2090 (GPU5) : No
> Peer access from Tesla M2090 (GPU1) -> Tesla M2090 (GPU6) : No
> Peer access from Tesla M2090 (GPU1) -> Tesla M2090 (GPU7) : No
> Peer access from Tesla M2090 (GPU2) -> Tesla M2090 (GPU1) : Yes
> Peer access from Tesla M2090 (GPU2) -> Tesla M2090 (GPU2) : No
> Peer access from Tesla M2090 (GPU2) -> Tesla M2090 (GPU3) : No
> Peer access from Tesla M2090 (GPU2) -> Tesla M2090 (GPU4) : No
> Peer access from Tesla M2090 (GPU2) -> Tesla M2090 (GPU5) : No
> Peer access from Tesla M2090 (GPU2) -> Tesla M2090 (GPU6) : No
> Peer access from Tesla M2090 (GPU2) -> Tesla M2090 (GPU7) : No
> Peer access from Tesla M2090 (GPU3) -> Tesla M2090 (GPU1) : No
> Peer access from Tesla M2090 (GPU3) -> Tesla M2090 (GPU2) : No
> Peer access from Tesla M2090 (GPU3) -> Tesla M2090 (GPU3) : No
> Peer access from Tesla M2090 (GPU3) -> Tesla M2090 (GPU4) : Yes
> Peer access from Tesla M2090 (GPU3) -> Tesla M2090 (GPU5) : Yes
> Peer access from Tesla M2090 (GPU3) -> Tesla M2090 (GPU6) : Yes
> Peer access from Tesla M2090 (GPU3) -> Tesla M2090 (GPU7) : Yes
> Peer access from Tesla M2090 (GPU4) -> Tesla M2090 (GPU1) : No
> Peer access from Tesla M2090 (GPU4) -> Tesla M2090 (GPU2) : No
> Peer access from Tesla M2090 (GPU4) -> Tesla M2090 (GPU3) : Yes
> Peer access from Tesla M2090 (GPU4) -> Tesla M2090 (GPU4) : No
> Peer access from Tesla M2090 (GPU4) -> Tesla M2090 (GPU5) : Yes
> Peer access from Tesla M2090 (GPU4) -> Tesla M2090 (GPU6) : Yes
> Peer access from Tesla M2090 (GPU4) -> Tesla M2090 (GPU7) : Yes
> Peer access from Tesla M2090 (GPU5) -> Tesla M2090 (GPU1) : No
> Peer access from Tesla M2090 (GPU5) -> Tesla M2090 (GPU2) : No
> Peer access from Tesla M2090 (GPU5) -> Tesla M2090 (GPU3) : Yes
> Peer access from Tesla M2090 (GPU5) -> Tesla M2090 (GPU4) : Yes
> Peer access from Tesla M2090 (GPU5) -> Tesla M2090 (GPU5) : No
> Peer access from Tesla M2090 (GPU5) -> Tesla M2090 (GPU6) : Yes
> Peer access from Tesla M2090 (GPU5) -> Tesla M2090 (GPU7) : Yes
> Peer access from Tesla M2090 (GPU6) -> Tesla M2090 (GPU1) : No
> Peer access from Tesla M2090 (GPU6) -> Tesla M2090 (GPU2) : No
> Peer access from Tesla M2090 (GPU6) -> Tesla M2090 (GPU3) : Yes
> Peer access from Tesla M2090 (GPU6) -> Tesla M2090 (GPU4) : Yes
> Peer access from Tesla M2090 (GPU6) -> Tesla M2090 (GPU5) : Yes
> Peer access from Tesla M2090 (GPU6) -> Tesla M2090 (GPU6) : No
> Peer access from Tesla M2090 (GPU6) -> Tesla M2090 (GPU7) : Yes
> Peer access from Tesla M2090 (GPU1) -> Tesla M2090 (GPU0) : Yes
> Peer access from Tesla M2090 (GPU1) -> Tesla M2090 (GPU1) : No
> Peer access from Tesla M2090 (GPU1) -> Tesla M2090 (GPU2) : Yes
> Peer access from Tesla M2090 (GPU1) -> Tesla M2090 (GPU3) : No
> Peer access from Tesla M2090 (GPU1) -> Tesla M2090 (GPU4) : No
> Peer access from Tesla M2090 (GPU1) -> Tesla M2090 (GPU5) : No
> Peer access from Tesla M2090 (GPU1) -> Tesla M2090 (GPU6) : No
> Peer access from Tesla M2090 (GPU2) -> Tesla M2090 (GPU0) : Yes
> Peer access from Tesla M2090 (GPU2) -> Tesla M2090 (GPU1) : Yes
> Peer access from Tesla M2090 (GPU2) -> Tesla M2090 (GPU2) : No
> Peer access from Tesla M2090 (GPU2) -> Tesla M2090 (GPU3) : No
> Peer access from Tesla M2090 (GPU2) -> Tesla M2090 (GPU4) : No
> Peer access from Tesla M2090 (GPU2) -> Tesla M2090 (GPU5) : No
> Peer access from Tesla M2090 (GPU2) -> Tesla M2090 (GPU6) : No
> Peer access from Tesla M2090 (GPU3) -> Tesla M2090 (GPU0) : No
> Peer access from Tesla M2090 (GPU3) -> Tesla M2090 (GPU1) : No
> Peer access from Tesla M2090 (GPU3) -> Tesla M2090 (GPU2) : No
> Peer access from Tesla M2090 (GPU3) -> Tesla M2090 (GPU3) : No
> Peer access from Tesla M2090 (GPU3) -> Tesla M2090 (GPU4) : Yes
> Peer access from Tesla M2090 (GPU3) -> Tesla M2090 (GPU5) : Yes
> Peer access from Tesla M2090 (GPU3) -> Tesla M2090 (GPU6) : Yes
> Peer access from Tesla M2090 (GPU4) -> Tesla M2090 (GPU0) : No
> Peer access from Tesla M2090 (GPU4) -> Tesla M2090 (GPU1) : No
> Peer access from Tesla M2090 (GPU4) -> Tesla M2090 (GPU2) : No
> Peer access from Tesla M2090 (GPU4) -> Tesla M2090 (GPU3) : Yes
> Peer access from Tesla M2090 (GPU4) -> Tesla M2090 (GPU4) : No
> Peer access from Tesla M2090 (GPU4) -> Tesla M2090 (GPU5) : Yes
> Peer access from Tesla M2090 (GPU4) -> Tesla M2090 (GPU6) : Yes
> Peer access from Tesla M2090 (GPU5) -> Tesla M2090 (GPU0) : No
> Peer access from Tesla M2090 (GPU5) -> Tesla M2090 (GPU1) : No
> Peer access from Tesla M2090 (GPU5) -> Tesla M2090 (GPU2) : No
> Peer access from Tesla M2090 (GPU5) -> Tesla M2090 (GPU3) : Yes
> Peer access from Tesla M2090 (GPU5) -> Tesla M2090 (GPU4) : Yes
> Peer access from Tesla M2090 (GPU5) -> Tesla M2090 (GPU5) : No
> Peer access from Tesla M2090 (GPU5) -> Tesla M2090 (GPU6) : Yes
> Peer access from Tesla M2090 (GPU6) -> Tesla M2090 (GPU0) : No
> Peer access from Tesla M2090 (GPU6) -> Tesla M2090 (GPU1) : No
> Peer access from Tesla M2090 (GPU6) -> Tesla M2090 (GPU2) : No
> Peer access from Tesla M2090 (GPU6) -> Tesla M2090 (GPU3) : Yes
> Peer access from Tesla M2090 (GPU6) -> Tesla M2090 (GPU4) : Yes
> Peer access from Tesla M2090 (GPU6) -> Tesla M2090 (GPU5) : Yes
> Peer access from Tesla M2090 (GPU6) -> Tesla M2090 (GPU6) : No
> Peer access from Tesla M2090 (GPU7) -> Tesla M2090 (GPU0) : No
> Peer access from Tesla M2090 (GPU7) -> Tesla M2090 (GPU1) : No
> Peer access from Tesla M2090 (GPU7) -> Tesla M2090 (GPU2) : No
> Peer access from Tesla M2090 (GPU7) -> Tesla M2090 (GPU3) : Yes
> Peer access from Tesla M2090 (GPU7) -> Tesla M2090 (GPU4) : Yes
> Peer access from Tesla M2090 (GPU7) -> Tesla M2090 (GPU5) : Yes
> Peer access from Tesla M2090 (GPU7) -> Tesla M2090 (GPU6) : Yes

deviceQuery, CUDA Driver = CUDART, CUDA Driver Version = 7.0, CUDA Runtime Version = 5.5, NumDevs = 8, Device0 = Tesla M2090, Device1 = Tesla M2090, Device2 = Tesla M2090, Device3 = Tesla M2090, Device4 = Tesla M2090, Device5 = Tesla M2090, Device6 = Tesla M2090, Device7 = Tesla M2090
Result = PASS

